Loading weights:   0%|          | 0/103 [00:00<?, ?it/s]Loading weights: 100%|██████████| 103/103 [00:00<00:00, 9178.49it/s]
[1mBertModel LOAD REPORT[0m from: sentence-transformers/all-MiniLM-L6-v2
Key                     | Status     |  | 
------------------------+------------+--+-
embeddings.position_ids | UNEXPECTED |  | 

[3mNotes:
- UNEXPECTED[3m	:can be ignored when loading from different task/architecture; not ok if you expect identical arch.[0m
Input dimension: 384
Epoch 1/100, Loss: 0.6841
Epoch 2/100, Loss: 0.6815
Epoch 3/100, Loss: 0.6790
Epoch 4/100, Loss: 0.6764
Epoch 5/100, Loss: 0.6736
Epoch 6/100, Loss: 0.6706
Epoch 7/100, Loss: 0.6675
Epoch 8/100, Loss: 0.6640
Epoch 9/100, Loss: 0.6603
Epoch 10/100, Loss: 0.6564
Epoch 11/100, Loss: 0.6522
Epoch 12/100, Loss: 0.6478
Epoch 13/100, Loss: 0.6431
Epoch 14/100, Loss: 0.6382
Epoch 15/100, Loss: 0.6330
Epoch 16/100, Loss: 0.6277
Epoch 17/100, Loss: 0.6221
Epoch 18/100, Loss: 0.6163
Epoch 19/100, Loss: 0.6104
Epoch 20/100, Loss: 0.6042
Epoch 21/100, Loss: 0.5979
Epoch 22/100, Loss: 0.5914
Epoch 23/100, Loss: 0.5847
Epoch 24/100, Loss: 0.5778
Epoch 25/100, Loss: 0.5708
Epoch 26/100, Loss: 0.5636
Epoch 27/100, Loss: 0.5562
Epoch 28/100, Loss: 0.5486
Epoch 29/100, Loss: 0.5409
Epoch 30/100, Loss: 0.5330
Epoch 31/100, Loss: 0.5250
Epoch 32/100, Loss: 0.5169
Epoch 33/100, Loss: 0.5086
Epoch 34/100, Loss: 0.5003
Epoch 35/100, Loss: 0.4918
Epoch 36/100, Loss: 0.4833
Epoch 37/100, Loss: 0.4748
Epoch 38/100, Loss: 0.4661
Epoch 39/100, Loss: 0.4574
Epoch 40/100, Loss: 0.4487
Epoch 41/100, Loss: 0.4399
Epoch 42/100, Loss: 0.4312
Epoch 43/100, Loss: 0.4224
Epoch 44/100, Loss: 0.4136
Epoch 45/100, Loss: 0.4048
Epoch 46/100, Loss: 0.3961
Epoch 47/100, Loss: 0.3874
Epoch 48/100, Loss: 0.3787
Epoch 49/100, Loss: 0.3701
Epoch 50/100, Loss: 0.3616
Epoch 51/100, Loss: 0.3531
Epoch 52/100, Loss: 0.3447
Epoch 53/100, Loss: 0.3364
Epoch 54/100, Loss: 0.3282
Epoch 55/100, Loss: 0.3201
Epoch 56/100, Loss: 0.3120
Epoch 57/100, Loss: 0.3041
Epoch 58/100, Loss: 0.2964
Epoch 59/100, Loss: 0.2887
Epoch 60/100, Loss: 0.2812
Epoch 61/100, Loss: 0.2738
Epoch 62/100, Loss: 0.2665
Epoch 63/100, Loss: 0.2594
Epoch 64/100, Loss: 0.2524
Epoch 65/100, Loss: 0.2456
Epoch 66/100, Loss: 0.2389
Epoch 67/100, Loss: 0.2324
Epoch 68/100, Loss: 0.2260
Epoch 69/100, Loss: 0.2198
Epoch 70/100, Loss: 0.2137
Epoch 71/100, Loss: 0.2078
Epoch 72/100, Loss: 0.2020
Epoch 73/100, Loss: 0.1964
Epoch 74/100, Loss: 0.1909
Epoch 75/100, Loss: 0.1856
Epoch 76/100, Loss: 0.1804
Epoch 77/100, Loss: 0.1754
Epoch 78/100, Loss: 0.1705
Epoch 79/100, Loss: 0.1658
Epoch 80/100, Loss: 0.1612
Epoch 81/100, Loss: 0.1567
Epoch 82/100, Loss: 0.1524
Epoch 83/100, Loss: 0.1482
Epoch 84/100, Loss: 0.1441
Epoch 85/100, Loss: 0.1402
Epoch 86/100, Loss: 0.1364
Epoch 87/100, Loss: 0.1327
Epoch 88/100, Loss: 0.1291
Epoch 89/100, Loss: 0.1256
Epoch 90/100, Loss: 0.1223
Epoch 91/100, Loss: 0.1190
Epoch 92/100, Loss: 0.1159
Epoch 93/100, Loss: 0.1128
Epoch 94/100, Loss: 0.1099
Epoch 95/100, Loss: 0.1071
Epoch 96/100, Loss: 0.1043
Epoch 97/100, Loss: 0.1017
Epoch 98/100, Loss: 0.0991
Epoch 99/100, Loss: 0.0966
Epoch 100/100, Loss: 0.0942
IB Test Accuracy: 1.0000 | IB Test F1: 1.0000
Input dimension: 384
Epoch 1/100, Loss: 0.6961
Epoch 2/100, Loss: 0.6909
Epoch 3/100, Loss: 0.6859
Epoch 4/100, Loss: 0.6811
Epoch 5/100, Loss: 0.6762
Epoch 6/100, Loss: 0.6714
Epoch 7/100, Loss: 0.6664
Epoch 8/100, Loss: 0.6613
Epoch 9/100, Loss: 0.6559
Epoch 10/100, Loss: 0.6503
Epoch 11/100, Loss: 0.6445
Epoch 12/100, Loss: 0.6385
Epoch 13/100, Loss: 0.6323
Epoch 14/100, Loss: 0.6258
Epoch 15/100, Loss: 0.6192
Epoch 16/100, Loss: 0.6124
Epoch 17/100, Loss: 0.6054
Epoch 18/100, Loss: 0.5982
Epoch 19/100, Loss: 0.5909
Epoch 20/100, Loss: 0.5834
Epoch 21/100, Loss: 0.5758
Epoch 22/100, Loss: 0.5681
Epoch 23/100, Loss: 0.5603
Epoch 24/100, Loss: 0.5523
Epoch 25/100, Loss: 0.5443
Epoch 26/100, Loss: 0.5361
Epoch 27/100, Loss: 0.5279
Epoch 28/100, Loss: 0.5196
Epoch 29/100, Loss: 0.5112
Epoch 30/100, Loss: 0.5027
Epoch 31/100, Loss: 0.4942
Epoch 32/100, Loss: 0.4856
Epoch 33/100, Loss: 0.4770
Epoch 34/100, Loss: 0.4684
Epoch 35/100, Loss: 0.4597
Epoch 36/100, Loss: 0.4511
Epoch 37/100, Loss: 0.4424
Epoch 38/100, Loss: 0.4337
Epoch 39/100, Loss: 0.4251
Epoch 40/100, Loss: 0.4165
Epoch 41/100, Loss: 0.4078
Epoch 42/100, Loss: 0.3993
Epoch 43/100, Loss: 0.3907
Epoch 44/100, Loss: 0.3823
Epoch 45/100, Loss: 0.3739
Epoch 46/100, Loss: 0.3655
Epoch 47/100, Loss: 0.3572
Epoch 48/100, Loss: 0.3490
Epoch 49/100, Loss: 0.3409
Epoch 50/100, Loss: 0.3328
Epoch 51/100, Loss: 0.3249
Epoch 52/100, Loss: 0.3171
Epoch 53/100, Loss: 0.3093
Epoch 54/100, Loss: 0.3017
Epoch 55/100, Loss: 0.2942
Epoch 56/100, Loss: 0.2868
Epoch 57/100, Loss: 0.2796
Epoch 58/100, Loss: 0.2724
Epoch 59/100, Loss: 0.2654
Epoch 60/100, Loss: 0.2586
Epoch 61/100, Loss: 0.2518
Epoch 62/100, Loss: 0.2452
Epoch 63/100, Loss: 0.2388
Epoch 64/100, Loss: 0.2324
Epoch 65/100, Loss: 0.2263
Epoch 66/100, Loss: 0.2202
Epoch 67/100, Loss: 0.2143
Epoch 68/100, Loss: 0.2086
Epoch 69/100, Loss: 0.2029
Epoch 70/100, Loss: 0.1975
Epoch 71/100, Loss: 0.1921
Epoch 72/100, Loss: 0.1869
Epoch 73/100, Loss: 0.1819
Epoch 74/100, Loss: 0.1769
Epoch 75/100, Loss: 0.1721
Epoch 76/100, Loss: 0.1675
Epoch 77/100, Loss: 0.1630
Epoch 78/100, Loss: 0.1586
Epoch 79/100, Loss: 0.1543
Epoch 80/100, Loss: 0.1502
Epoch 81/100, Loss: 0.1461
Epoch 82/100, Loss: 0.1422
Epoch 83/100, Loss: 0.1384
Epoch 84/100, Loss: 0.1348
Epoch 85/100, Loss: 0.1312
Epoch 86/100, Loss: 0.1278
Epoch 87/100, Loss: 0.1244
Epoch 88/100, Loss: 0.1212
Epoch 89/100, Loss: 0.1180
Epoch 90/100, Loss: 0.1150
Epoch 91/100, Loss: 0.1120
Epoch 92/100, Loss: 0.1092
Epoch 93/100, Loss: 0.1064
Epoch 94/100, Loss: 0.1037
Epoch 95/100, Loss: 0.1012
Epoch 96/100, Loss: 0.0986
Epoch 97/100, Loss: 0.0962
Epoch 98/100, Loss: 0.0939
Epoch 99/100, Loss: 0.0916
Epoch 100/100, Loss: 0.0894
IC Test Accuracy: 1.0000 | IC Test F1: 1.0000
